[07:04:48] [ServerMain/INFO]: Environment: Environment[sessionHost=https://sessionserver.mojang.com, servicesHost=https://api.minecraftservices.com, name=PROD]
[07:04:50] [ServerMain/INFO]: Loaded 1290 recipes
[07:04:50] [ServerMain/INFO]: Loaded 1399 advancements
[07:04:50] [Server thread/INFO]: Starting minecraft server version 1.21
[07:04:50] [Server thread/INFO]: Loading properties
[07:04:50] [Server thread/INFO]: This server is running Purpur version 1.21-2262-ver/1.21@458dc18 (2024-07-15T03:38:02Z) (Implementing API version 1.21-R0.1-SNAPSHOT)
[07:04:51] [Server thread/INFO]: Server Ping Player Sample Count: 12
[07:04:51] [Server thread/INFO]: Using 4 threads for Netty based IO
[07:04:52] [Server thread/INFO]: [ChunkTaskScheduler] Chunk system is using 1 I/O threads, 1 worker threads, and population gen parallelism of 1 threads
[07:04:52] [Server thread/INFO]: Default game type: SURVIVAL
[07:04:52] [Server thread/INFO]: Generating keypair
[07:04:52] [Server thread/INFO]: Starting Minecraft server on *:25565
[07:04:52] [Server thread/INFO]: Using epoll channel type
[07:04:52] [Server thread/INFO]: Paper: Using libdeflate (Linux x86_64) compression from Velocity.
[07:04:52] [Server thread/INFO]: Paper: Using OpenSSL 1.1.x (Linux x86_64) cipher from Velocity.
[07:04:53] [Server thread/INFO]: [spark] Loading server plugin spark v1.10.77
[07:04:53] [Server thread/INFO]: Server permissions file permissions.yml is empty, ignoring it
[07:04:53] [Server thread/WARN]: **** SERVER IS RUNNING IN OFFLINE/INSECURE MODE!
[07:04:53] [Server thread/WARN]: The server will make no attempt to authenticate usernames. Beware.
[07:04:53] [Server thread/WARN]: While this makes the game possible to play without internet access, it also opens up the ability for hackers to connect with any username they choose.
[07:04:53] [Server thread/WARN]: To change this, set "online-mode" to "true" in the server.properties file.
[07:04:53] [Server thread/INFO]: Preparing level "world"
[07:04:54] [Server thread/INFO]: Preparing start region for dimension minecraft:overworld
[07:04:55] [Server thread/INFO]: Time elapsed: 1239 ms
[07:04:55] [Server thread/INFO]: Preparing start region for dimension minecraft:the_nether
[07:04:55] [Server thread/INFO]: Time elapsed: 212 ms
[07:04:55] [Server thread/INFO]: Preparing start region for dimension minecraft:the_end
[07:04:55] [Server thread/INFO]: Time elapsed: 100 ms
[07:04:55] [Server thread/INFO]: [spark] Enabling spark v1.10.77
[07:04:56] [Server thread/INFO]: [spark] Using Paper ServerTickStartEvent for tick monitoring
[07:04:56] [Server thread/INFO]: [spark] Starting background profiler...
[07:04:57] [Server thread/INFO]: Running delayed init tasks
[07:04:57] [Server thread/INFO]: Done (6.959s)! For help, type "help"
[07:05:03] [User Authenticator #0/INFO]: UUID of player PhongDzi is 39932e5c-6753-373a-86c3-86b8150bf73f
[07:05:04] [Server thread/INFO]: PhongDzi joined the game
[07:05:04] [Server thread/INFO]: PhongDzi[/[0:0:0:0:0:0:0:1%0]:45400] logged in with entity id 34 at ([world]5.5, 75.0, 8.5)
[07:07:06] [User Authenticator #1/INFO]: UUID of player NN is 3e0ed8aa-6f2d-3066-8e96-259060554270
[07:07:07] [Server thread/INFO]: NN joined the game
[07:07:07] [Server thread/INFO]: NN[/[0:0:0:0:0:0:0:1%0]:38056] logged in with entity id 957 at ([world]-0.5, 79.0, -9.5)
[07:07:25] [Server thread/INFO]: NN lost connection: Disconnected
[07:07:25] [Server thread/INFO]: NN left the game
[07:08:53] [User Authenticator #2/INFO]: UUID of player NN is 3e0ed8aa-6f2d-3066-8e96-259060554270
[07:08:54] [Server thread/INFO]: NN joined the game
[07:08:54] [Server thread/INFO]: NN[/[0:0:0:0:0:0:0:1%0]:56872] logged in with entity id 1276 at ([world]9.602751379032426, 69.0, -10.899351755583476)
[07:09:03] [Server thread/INFO]: PhongDzi has made the advancement [Stone Age]
[07:09:43] [Server thread/INFO]: PhongDzi has made the advancement [Getting an Upgrade]
[07:12:09] [Server thread/INFO]: NN has made the advancement [Stone Age]
[07:14:43] [Server thread/INFO]: NN has made the advancement [Getting an Upgrade]
[07:16:19] [Server thread/INFO]: NN lost connection: Disconnected
[07:16:19] [Server thread/INFO]: NN left the game
[07:18:39] [Server thread/INFO]: Made PhongDzi a server operator
[07:18:43] [Server thread/INFO]: PhongDzi issued server command: /tpsbar
[07:19:18] [Server thread/INFO]: PhongDzi has made the advancement [Acquire Hardware]
[07:19:38] [Server thread/INFO]: PhongDzi has made the advancement [Isn't It Iron Pick]
[07:19:52] [Server thread/INFO]: PhongDzi has made the advancement [Diamonds!]
[07:20:49] [Server thread/INFO]: PhongDzi lost connection: Disconnected
[07:20:49] [Server thread/INFO]: PhongDzi left the game
